<?xml version="1.0" encoding="UTF-8"?>
<!-- Generated by org.testng.reporters.JUnitReportReporter -->
<testsuite skipped="0" hostname="MissionPossible" name="APITesting.restassured.EndtoEndScenario" tests="1" failures="0" timestamp="12 Nov 2018 01:09:59 GMT" time="5.130" errors="0">
  <testcase name="endtoend" time="5.130" classname="APITesting.restassured.EndtoEndScenario"/>
</testsuite> <!-- APITesting.restassured.EndtoEndScenario -->
